<?xml version="1.0" encoding="UTF-8"?>
<!-- Generated by org.testng.reporters.JUnitReportReporter -->
<testsuite skipped="0" hostname="Shashanks-MBP" name="com.qa.opencart.tests.RegisterPageTest" tests="4" failures="0" timestamp="03 Mar 2021 15:01:46 GMT" time="23.622" errors="0">
  <testcase name="userRegisterTest" time="5.725" classname="com.qa.opencart.tests.RegisterPageTest"/>
  <testcase name="userRegisterTest" time="6.239" classname="com.qa.opencart.tests.RegisterPageTest"/>
  <testcase name="userRegisterTest" time="5.803" classname="com.qa.opencart.tests.RegisterPageTest"/>
  <testcase name="userRegisterTest" time="5.855" classname="com.qa.opencart.tests.RegisterPageTest"/>
</testsuite> <!-- com.qa.opencart.tests.RegisterPageTest -->
