<?xml version="1.0" encoding="UTF-8"?>
<!-- Generated by org.testng.reporters.JUnitReportReporter -->
<testsuite skipped="0" hostname="Shashanks-MBP" name="com.qa.opencart.tests.LoginPageTest" tests="3" failures="0" timestamp="08 Mar 2021 15:39:37 GMT" time="3.455" errors="0">
  <testcase name="loginPageTitleTest" time="0.292" classname="com.qa.opencart.tests.LoginPageTest"/>
  <testcase name="forgotPwdLinkTest" time="0.253" classname="com.qa.opencart.tests.LoginPageTest"/>
  <testcase name="loginTest" time="2.910" classname="com.qa.opencart.tests.LoginPageTest"/>
</testsuite> <!-- com.qa.opencart.tests.LoginPageTest -->
